<?xml version="1.0" encoding="UTF-8"?>
<coverage generated="1740973020217" clover="3.2.0">
  <project timestamp="1740973020218" name="All files">
    <metrics statements="183" coveredstatements="182" conditionals="41" coveredconditionals="37" methods="30" coveredmethods="29" elements="254" coveredelements="248" complexity="0" loc="183" ncloc="183" packages="4" files="9" classes="9"/>
    <package name="controllers">
      <metrics statements="128" coveredstatements="128" conditionals="25" coveredconditionals="22" methods="21" coveredmethods="21"/>
      <file name="city.controllers.ts" path="C:\Users\Dell\Desktop\Projects\Headout\server\src\controllers\city.controllers.ts">
        <metrics statements="44" coveredstatements="44" conditionals="11" coveredconditionals="9" methods="9" coveredmethods="9"/>
        <line num="2" count="3" type="stmt"/>
        <line num="3" count="3" type="stmt"/>
        <line num="4" count="3" type="stmt"/>
        <line num="6" count="6" type="stmt"/>
        <line num="7" count="6" type="stmt"/>
        <line num="8" count="6" type="stmt"/>
        <line num="10" count="6" type="cond" truecount="1" falsecount="0"/>
        <line num="11" count="2" type="stmt"/>
        <line num="12" count="2" type="stmt"/>
        <line num="15" count="4" type="stmt"/>
        <line num="17" count="3" type="cond" truecount="1" falsecount="0"/>
        <line num="18" count="1" type="stmt"/>
        <line num="19" count="1" type="stmt"/>
        <line num="22" count="2" type="stmt"/>
        <line num="23" count="2" type="stmt"/>
        <line num="24" count="2" type="stmt"/>
        <line num="26" count="2" type="stmt"/>
        <line num="29" count="2" type="stmt"/>
        <line num="36" count="2" type="cond" truecount="1" falsecount="0"/>
        <line num="37" count="1" type="stmt"/>
        <line num="42" count="1" type="stmt"/>
        <line num="45" count="1" type="stmt"/>
        <line num="47" count="1" type="stmt"/>
        <line num="53" count="2" type="stmt"/>
        <line num="55" count="1" type="stmt"/>
        <line num="63" count="1" type="stmt"/>
        <line num="64" count="1" type="stmt"/>
        <line num="72" count="12" type="stmt"/>
        <line num="73" count="12" type="stmt"/>
        <line num="74" count="12" type="stmt"/>
        <line num="76" count="12" type="cond" truecount="1" falsecount="0"/>
        <line num="77" count="2" type="stmt"/>
        <line num="78" count="2" type="stmt"/>
        <line num="81" count="10" type="stmt"/>
        <line num="82" count="10" type="stmt"/>
        <line num="83" count="9" type="stmt"/>
        <line num="85" count="9" type="cond" truecount="3" falsecount="0"/>
        <line num="86" count="3" type="stmt"/>
        <line num="87" count="3" type="stmt"/>
        <line num="90" count="6" type="stmt"/>
        <line num="92" count="6" type="stmt"/>
        <line num="94" count="6" type="stmt"/>
        <line num="99" count="1" type="stmt"/>
        <line num="100" count="1" type="stmt"/>
      </file>
      <file name="share-image.controllers.ts" path="C:\Users\Dell\Desktop\Projects\Headout\server\src\controllers\share-image.controllers.ts">
        <metrics statements="36" coveredstatements="36" conditionals="3" coveredconditionals="3" methods="2" coveredmethods="2"/>
        <line num="1" count="3" type="stmt"/>
        <line num="4" count="13" type="stmt"/>
        <line num="5" count="13" type="stmt"/>
        <line num="6" count="13" type="cond" truecount="3" falsecount="0"/>
        <line num="8" count="13" type="stmt"/>
        <line num="9" count="13" type="stmt"/>
        <line num="11" count="13" type="stmt"/>
        <line num="12" count="11" type="stmt"/>
        <line num="14" count="11" type="stmt"/>
        <line num="15" count="11" type="stmt"/>
        <line num="17" count="11" type="stmt"/>
        <line num="18" count="11" type="stmt"/>
        <line num="19" count="11" type="stmt"/>
        <line num="21" count="11" type="stmt"/>
        <line num="22" count="11" type="stmt"/>
        <line num="23" count="11" type="stmt"/>
        <line num="24" count="11" type="stmt"/>
        <line num="26" count="11" type="stmt"/>
        <line num="27" count="11" type="stmt"/>
        <line num="29" count="11" type="stmt"/>
        <line num="30" count="11" type="stmt"/>
        <line num="31" count="11" type="stmt"/>
        <line num="33" count="11" type="stmt"/>
        <line num="34" count="11" type="stmt"/>
        <line num="35" count="11" type="stmt"/>
        <line num="37" count="11" type="stmt"/>
        <line num="38" count="11" type="stmt"/>
        <line num="39" count="11" type="stmt"/>
        <line num="41" count="11" type="stmt"/>
        <line num="42" count="11" type="stmt"/>
        <line num="43" count="11" type="stmt"/>
        <line num="45" count="11" type="stmt"/>
        <line num="47" count="11" type="stmt"/>
        <line num="52" count="11" type="stmt"/>
        <line num="54" count="2" type="stmt"/>
        <line num="55" count="2" type="stmt"/>
      </file>
      <file name="user.controllers.ts" path="C:\Users\Dell\Desktop\Projects\Headout\server\src\controllers\user.controllers.ts">
        <metrics statements="48" coveredstatements="48" conditionals="11" coveredconditionals="10" methods="10" coveredmethods="10"/>
        <line num="2" count="3" type="stmt"/>
        <line num="4" count="10" type="stmt"/>
        <line num="5" count="10" type="stmt"/>
        <line num="6" count="10" type="stmt"/>
        <line num="8" count="10" type="cond" truecount="4" falsecount="0"/>
        <line num="9" count="6" type="stmt"/>
        <line num="10" count="6" type="stmt"/>
        <line num="13" count="4" type="stmt"/>
        <line num="15" count="3" type="cond" truecount="1" falsecount="0"/>
        <line num="16" count="1" type="stmt"/>
        <line num="22" count="3" type="stmt"/>
        <line num="30" count="3" type="stmt"/>
        <line num="35" count="1" type="stmt"/>
        <line num="36" count="1" type="stmt"/>
        <line num="40" count="8" type="stmt"/>
        <line num="41" count="8" type="stmt"/>
        <line num="42" count="8" type="stmt"/>
        <line num="44" count="8" type="cond" truecount="1" falsecount="0"/>
        <line num="45" count="1" type="stmt"/>
        <line num="46" count="1" type="stmt"/>
        <line num="49" count="7" type="stmt"/>
        <line num="51" count="5" type="cond" truecount="1" falsecount="0"/>
        <line num="52" count="2" type="stmt"/>
        <line num="53" count="2" type="stmt"/>
        <line num="56" count="3" type="stmt"/>
        <line num="57" count="6" type="stmt"/>
        <line num="59" count="3" type="stmt"/>
        <line num="60" count="6" type="stmt"/>
        <line num="62" count="3" type="stmt"/>
        <line num="64" count="2" type="stmt"/>
        <line num="65" count="2" type="stmt"/>
        <line num="69" count="8" type="stmt"/>
        <line num="70" count="8" type="stmt"/>
        <line num="71" count="8" type="stmt"/>
        <line num="73" count="8" type="cond" truecount="1" falsecount="0"/>
        <line num="74" count="1" type="stmt"/>
        <line num="75" count="1" type="stmt"/>
        <line num="78" count="7" type="stmt"/>
        <line num="80" count="5" type="cond" truecount="1" falsecount="0"/>
        <line num="81" count="2" type="stmt"/>
        <line num="82" count="2" type="stmt"/>
        <line num="86" count="3" type="stmt"/>
        <line num="87" count="5" type="stmt"/>
        <line num="89" count="3" type="stmt"/>
        <line num="90" count="5" type="stmt"/>
        <line num="92" count="3" type="stmt"/>
        <line num="94" count="2" type="stmt"/>
        <line num="95" count="2" type="stmt"/>
      </file>
    </package>
    <package name="interceptors">
      <metrics statements="12" coveredstatements="12" conditionals="8" coveredconditionals="7" methods="3" coveredmethods="3"/>
      <file name="response.interceptor.ts" path="C:\Users\Dell\Desktop\Projects\Headout\server\src\interceptors\response.interceptor.ts">
        <metrics statements="12" coveredstatements="12" conditionals="8" coveredconditionals="7" methods="3" coveredmethods="3"/>
        <line num="9" count="1" type="stmt"/>
        <line num="14" count="7" type="stmt"/>
        <line num="15" count="7" type="stmt"/>
        <line num="17" count="7" type="stmt"/>
        <line num="18" count="6" type="stmt"/>
        <line num="21" count="6" type="stmt"/>
        <line num="30" count="6" type="stmt"/>
        <line num="50" count="6" type="stmt"/>
        <line num="53" count="7" type="stmt"/>
        <line num="54" count="6" type="stmt"/>
        <line num="55" count="6" type="stmt"/>
        <line num="58" count="7" type="stmt"/>
      </file>
    </package>
    <package name="models">
      <metrics statements="25" coveredstatements="24" conditionals="8" coveredconditionals="8" methods="6" coveredmethods="5"/>
      <file name="city.model.ts" path="C:\Users\Dell\Desktop\Projects\Headout\server\src\models\city.model.ts">
        <metrics statements="3" coveredstatements="3" conditionals="0" coveredconditionals="0" methods="0" coveredmethods="0"/>
        <line num="1" count="7" type="stmt"/>
        <line num="3" count="7" type="stmt"/>
        <line num="12" count="7" type="stmt"/>
      </file>
      <file name="user.model.ts" path="C:\Users\Dell\Desktop\Projects\Headout\server\src\models\user.model.ts">
        <metrics statements="22" coveredstatements="21" conditionals="8" coveredconditionals="8" methods="6" coveredmethods="5"/>
        <line num="1" count="6" type="stmt"/>
        <line num="2" count="6" type="stmt"/>
        <line num="38" count="6" type="stmt"/>
        <line num="48" count="6" type="stmt"/>
        <line num="62" count="6" type="stmt"/>
        <line num="66" count="8" type="stmt"/>
        <line num="67" count="2" type="stmt"/>
        <line num="70" count="8" type="cond" truecount="2" falsecount="0"/>
        <line num="71" count="6" type="stmt"/>
        <line num="76" count="2" type="stmt"/>
        <line num="78" count="2" type="cond" truecount="3" falsecount="0"/>
        <line num="79" count="1" type="stmt"/>
        <line num="83" count="8" type="stmt"/>
        <line num="86" count="6" type="stmt"/>
        <line num="87" count="61" type="stmt"/>
        <line num="90" count="6" type="stmt"/>
        <line num="91" count="60" type="cond" truecount="3" falsecount="0"/>
        <line num="92" count="23" type="stmt"/>
        <line num="93" count="23" type="stmt"/>
        <line num="97" count="6" type="stmt"/>
        <line num="98" count="0" type="stmt"/>
        <line num="108" count="6" type="stmt"/>
      </file>
    </package>
    <package name="routes">
      <metrics statements="18" coveredstatements="18" conditionals="0" coveredconditionals="0" methods="0" coveredmethods="0"/>
      <file name="city.routes.ts" path="C:\Users\Dell\Desktop\Projects\Headout\server\src\routes\city.routes.ts">
        <metrics statements="6" coveredstatements="6" conditionals="0" coveredconditionals="0" methods="0" coveredmethods="0"/>
        <line num="1" count="2" type="stmt"/>
        <line num="2" count="2" type="stmt"/>
        <line num="4" count="2" type="stmt"/>
        <line num="6" count="2" type="stmt"/>
        <line num="7" count="2" type="stmt"/>
        <line num="10" count="2" type="stmt"/>
      </file>
      <file name="share-image.route.ts" path="C:\Users\Dell\Desktop\Projects\Headout\server\src\routes\share-image.route.ts">
        <metrics statements="5" coveredstatements="5" conditionals="0" coveredconditionals="0" methods="0" coveredmethods="0"/>
        <line num="1" count="2" type="stmt"/>
        <line num="2" count="2" type="stmt"/>
        <line num="4" count="2" type="stmt"/>
        <line num="6" count="2" type="stmt"/>
        <line num="8" count="2" type="stmt"/>
      </file>
      <file name="user.routes.ts" path="C:\Users\Dell\Desktop\Projects\Headout\server\src\routes\user.routes.ts">
        <metrics statements="7" coveredstatements="7" conditionals="0" coveredconditionals="0" methods="0" coveredmethods="0"/>
        <line num="1" count="2" type="stmt"/>
        <line num="2" count="2" type="stmt"/>
        <line num="4" count="2" type="stmt"/>
        <line num="6" count="2" type="stmt"/>
        <line num="7" count="2" type="stmt"/>
        <line num="8" count="2" type="stmt"/>
        <line num="10" count="2" type="stmt"/>
      </file>
    </package>
  </project>
</coverage>
