{"C:\\Users\\Dell\\Desktop\\Projects\\Headout\\server\\src\\controllers\\city.controllers.ts": {"path":"C:\\Users\\Dell\\Desktop\\Projects\\Headout\\server\\src\\controllers\\city.controllers.ts","statementMap":{"0":{"start":{"line":2,"column":0},"end":{"line":2,"column":44}},"1":{"start":{"line":3,"column":0},"end":{"line":3,"column":44}},"2":{"start":{"line":4,"column":0},"end":{"line":4,"column":32}},"3":{"start":{"line":6,"column":29},"end":{"line":70,"column":null}},"4":{"start":{"line":6,"column":67},"end":{"line":70,"column":null}},"5":{"start":{"line":7,"column":4},"end":{"line":69,"column":5}},"6":{"start":{"line":8,"column":23},"end":{"line":8,"column":41}},"7":{"start":{"line":10,"column":8},"end":{"line":13,"column":9}},"8":{"start":{"line":11,"column":12},"end":{"line":11,"column":70}},"9":{"start":{"line":12,"column":12},"end":{"line":12,"column":18}},"10":{"start":{"line":15,"column":21},"end":{"line":15,"column":48}},"11":{"start":{"line":17,"column":8},"end":{"line":20,"column":9}},"12":{"start":{"line":18,"column":12},"end":{"line":18,"column":70}},"13":{"start":{"line":19,"column":12},"end":{"line":19,"column":18}},"14":{"start":{"line":22,"column":32},"end":{"line":24,"column":40}},"15":{"start":{"line":23,"column":25},"end":{"line":23,"column":31}},"16":{"start":{"line":24,"column":22},"end":{"line":24,"column":39}},"17":{"start":{"line":26,"column":27},"end":{"line":34,"column":10}},"18":{"start":{"line":29,"column":59},"end":{"line":29,"column":90}},"19":{"start":{"line":36,"column":8},"end":{"line":43,"column":9}},"20":{"start":{"line":37,"column":12},"end":{"line":41,"column":15}},"21":{"start":{"line":42,"column":12},"end":{"line":42,"column":18}},"22":{"start":{"line":45,"column":30},"end":{"line":45,"column":47}},"23":{"start":{"line":47,"column":29},"end":{"line":51,"column":10}},"24":{"start":{"line":53,"column":24},"end":{"line":53,"column":134}},"25":{"start":{"line":53,"column":68},"end":{"line":53,"column":87}},"26":{"start":{"line":53,"column":113},"end":{"line":53,"column":132}},"27":{"start":{"line":55,"column":8},"end":{"line":61,"column":11}},"28":{"start":{"line":63,"column":8},"end":{"line":63,"column":60}},"29":{"start":{"line":64,"column":8},"end":{"line":68,"column":11}},"30":{"start":{"line":6,"column":13},"end":{"line":6,"column":29}},"31":{"start":{"line":72,"column":24},"end":{"line":106,"column":null}},"32":{"start":{"line":72,"column":62},"end":{"line":106,"column":null}},"33":{"start":{"line":73,"column":4},"end":{"line":105,"column":5}},"34":{"start":{"line":74,"column":23},"end":{"line":74,"column":41}},"35":{"start":{"line":76,"column":8},"end":{"line":79,"column":9}},"36":{"start":{"line":77,"column":12},"end":{"line":77,"column":70}},"37":{"start":{"line":78,"column":12},"end":{"line":78,"column":18}},"38":{"start":{"line":81,"column":34},"end":{"line":81,"column":42}},"39":{"start":{"line":82,"column":21},"end":{"line":82,"column":48}},"40":{"start":{"line":83,"column":21},"end":{"line":83,"column":48}},"41":{"start":{"line":85,"column":8},"end":{"line":88,"column":9}},"42":{"start":{"line":86,"column":12},"end":{"line":86,"column":72}},"43":{"start":{"line":87,"column":12},"end":{"line":87,"column":18}},"44":{"start":{"line":90,"column":26},"end":{"line":90,"column":73}},"45":{"start":{"line":92,"column":8},"end":{"line":92,"column":59}},"46":{"start":{"line":94,"column":8},"end":{"line":97,"column":11}},"47":{"start":{"line":99,"column":8},"end":{"line":99,"column":50}},"48":{"start":{"line":100,"column":8},"end":{"line":104,"column":11}},"49":{"start":{"line":72,"column":13},"end":{"line":72,"column":24}}},"fnMap":{"0":{"name":"(anonymous_8)","decl":{"start":{"line":6,"column":29},"end":{"line":6,"column":36}},"loc":{"start":{"line":6,"column":67},"end":{"line":70,"column":null}}},"1":{"name":"(anonymous_9)","decl":{"start":{"line":6,"column":67},"end":{"line":6,"column":null}},"loc":{"start":{"line":6,"column":67},"end":{"line":70,"column":1}}},"2":{"name":"(anonymous_10)","decl":{"start":{"line":23,"column":20},"end":{"line":23,"column":21}},"loc":{"start":{"line":23,"column":25},"end":{"line":23,"column":31}}},"3":{"name":"(anonymous_11)","decl":{"start":{"line":24,"column":17},"end":{"line":24,"column":18}},"loc":{"start":{"line":24,"column":22},"end":{"line":24,"column":39}}},"4":{"name":"(anonymous_12)","decl":{"start":{"line":29,"column":53},"end":{"line":29,"column":55}},"loc":{"start":{"line":29,"column":59},"end":{"line":29,"column":90}}},"5":{"name":"(anonymous_13)","decl":{"start":{"line":53,"column":62},"end":{"line":53,"column":65}},"loc":{"start":{"line":53,"column":68},"end":{"line":53,"column":87}}},"6":{"name":"(anonymous_14)","decl":{"start":{"line":53,"column":93},"end":{"line":53,"column":94}},"loc":{"start":{"line":53,"column":113},"end":{"line":53,"column":132}}},"7":{"name":"(anonymous_15)","decl":{"start":{"line":72,"column":24},"end":{"line":72,"column":31}},"loc":{"start":{"line":72,"column":62},"end":{"line":106,"column":null}}},"8":{"name":"(anonymous_16)","decl":{"start":{"line":72,"column":62},"end":{"line":72,"column":null}},"loc":{"start":{"line":72,"column":62},"end":{"line":106,"column":1}}}},"branchMap":{"0":{"loc":{"start":{"line":10,"column":8},"end":{"line":13,"column":9}},"type":"if","locations":[{"start":{"line":10,"column":8},"end":{"line":13,"column":9}}]},"1":{"loc":{"start":{"line":17,"column":8},"end":{"line":20,"column":9}},"type":"if","locations":[{"start":{"line":17,"column":8},"end":{"line":20,"column":9}}]},"2":{"loc":{"start":{"line":36,"column":8},"end":{"line":43,"column":9}},"type":"if","locations":[{"start":{"line":36,"column":8},"end":{"line":43,"column":9}}]},"3":{"loc":{"start":{"line":66,"column":19},"end":{"line":66,"column":75}},"type":"cond-expr","locations":[{"start":{"line":66,"column":44},"end":{"line":66,"column":57}},{"start":{"line":66,"column":60},"end":{"line":66,"column":75}}]},"4":{"loc":{"start":{"line":76,"column":8},"end":{"line":79,"column":9}},"type":"if","locations":[{"start":{"line":76,"column":8},"end":{"line":79,"column":9}}]},"5":{"loc":{"start":{"line":85,"column":8},"end":{"line":88,"column":9}},"type":"if","locations":[{"start":{"line":85,"column":8},"end":{"line":88,"column":9}}]},"6":{"loc":{"start":{"line":85,"column":12},"end":{"line":85,"column":26}},"type":"binary-expr","locations":[{"start":{"line":85,"column":12},"end":{"line":85,"column":17}},{"start":{"line":85,"column":21},"end":{"line":85,"column":26}}]},"7":{"loc":{"start":{"line":102,"column":19},"end":{"line":102,"column":75}},"type":"cond-expr","locations":[{"start":{"line":102,"column":44},"end":{"line":102,"column":57}},{"start":{"line":102,"column":60},"end":{"line":102,"column":75}}]}},"s":{"0":3,"1":3,"2":3,"3":3,"4":6,"5":6,"6":6,"7":6,"8":2,"9":2,"10":4,"11":3,"12":1,"13":1,"14":2,"15":2,"16":2,"17":2,"18":2,"19":2,"20":1,"21":1,"22":1,"23":1,"24":1,"25":1,"26":2,"27":1,"28":1,"29":1,"30":3,"31":3,"32":12,"33":12,"34":12,"35":12,"36":2,"37":2,"38":10,"39":10,"40":9,"41":9,"42":3,"43":3,"44":6,"45":6,"46":6,"47":1,"48":1,"49":3},"f":{"0":6,"1":6,"2":2,"3":2,"4":2,"5":1,"6":2,"7":12,"8":12},"b":{"0":[2],"1":[1],"2":[1],"3":[1,0],"4":[2],"5":[3],"6":[9,7],"7":[1,0]}}
,"C:\\Users\\Dell\\Desktop\\Projects\\Headout\\server\\src\\controllers\\share-image.controllers.ts": {"path":"C:\\Users\\Dell\\Desktop\\Projects\\Headout\\server\\src\\controllers\\share-image.controllers.ts","statementMap":{"0":{"start":{"line":1,"column":0},"end":{"line":1,"column":38}},"1":{"start":{"line":4,"column":26},"end":{"line":57,"column":null}},"2":{"start":{"line":4,"column":64},"end":{"line":57,"column":null}},"3":{"start":{"line":5,"column":4},"end":{"line":56,"column":5}},"4":{"start":{"line":6,"column":72},"end":{"line":6,"column":81}},"5":{"start":{"line":8,"column":29},"end":{"line":8,"column":60}},"6":{"start":{"line":9,"column":31},"end":{"line":9,"column":64}},"7":{"start":{"line":11,"column":23},"end":{"line":11,"column":45}},"8":{"start":{"line":12,"column":20},"end":{"line":12,"column":43}},"9":{"start":{"line":14,"column":8},"end":{"line":14,"column":34}},"10":{"start":{"line":15,"column":8},"end":{"line":15,"column":37}},"11":{"start":{"line":17,"column":8},"end":{"line":17,"column":36}},"12":{"start":{"line":18,"column":8},"end":{"line":18,"column":26}},"13":{"start":{"line":19,"column":8},"end":{"line":19,"column":41}},"14":{"start":{"line":21,"column":8},"end":{"line":21,"column":34}},"15":{"start":{"line":22,"column":8},"end":{"line":22,"column":37}},"16":{"start":{"line":23,"column":8},"end":{"line":23,"column":33}},"17":{"start":{"line":24,"column":8},"end":{"line":24,"column":56}},"18":{"start":{"line":26,"column":8},"end":{"line":26,"column":32}},"19":{"start":{"line":27,"column":8},"end":{"line":27,"column":54}},"20":{"start":{"line":29,"column":8},"end":{"line":29,"column":37}},"21":{"start":{"line":30,"column":8},"end":{"line":30,"column":34}},"22":{"start":{"line":31,"column":8},"end":{"line":31,"column":50}},"23":{"start":{"line":33,"column":8},"end":{"line":33,"column":32}},"24":{"start":{"line":34,"column":8},"end":{"line":34,"column":34}},"25":{"start":{"line":35,"column":8},"end":{"line":35,"column":36}},"26":{"start":{"line":37,"column":8},"end":{"line":37,"column":37}},"27":{"start":{"line":38,"column":8},"end":{"line":38,"column":34}},"28":{"start":{"line":39,"column":8},"end":{"line":39,"column":52}},"29":{"start":{"line":41,"column":8},"end":{"line":41,"column":32}},"30":{"start":{"line":42,"column":8},"end":{"line":42,"column":34}},"31":{"start":{"line":43,"column":8},"end":{"line":43,"column":59}},"32":{"start":{"line":45,"column":23},"end":{"line":45,"column":51}},"33":{"start":{"line":47,"column":8},"end":{"line":50,"column":11}},"34":{"start":{"line":52,"column":8},"end":{"line":52,"column":25}},"35":{"start":{"line":54,"column":8},"end":{"line":54,"column":62}},"36":{"start":{"line":55,"column":8},"end":{"line":55,"column":74}},"37":{"start":{"line":4,"column":13},"end":{"line":4,"column":26}}},"fnMap":{"0":{"name":"(anonymous_7)","decl":{"start":{"line":4,"column":26},"end":{"line":4,"column":33}},"loc":{"start":{"line":4,"column":64},"end":{"line":57,"column":null}}},"1":{"name":"(anonymous_8)","decl":{"start":{"line":4,"column":64},"end":{"line":4,"column":null}},"loc":{"start":{"line":4,"column":64},"end":{"line":57,"column":1}}}},"branchMap":{"0":{"loc":{"start":{"line":6,"column":16},"end":{"line":6,"column":35}},"type":"default-arg","locations":[{"start":{"line":6,"column":27},"end":{"line":6,"column":35}}]},"1":{"loc":{"start":{"line":6,"column":37},"end":{"line":6,"column":50}},"type":"default-arg","locations":[{"start":{"line":6,"column":47},"end":{"line":6,"column":50}}]},"2":{"loc":{"start":{"line":6,"column":52},"end":{"line":6,"column":67}},"type":"default-arg","locations":[{"start":{"line":6,"column":64},"end":{"line":6,"column":67}}]}},"s":{"0":3,"1":3,"2":13,"3":13,"4":13,"5":13,"6":13,"7":13,"8":11,"9":11,"10":11,"11":11,"12":11,"13":11,"14":11,"15":11,"16":11,"17":11,"18":11,"19":11,"20":11,"21":11,"22":11,"23":11,"24":11,"25":11,"26":11,"27":11,"28":11,"29":11,"30":11,"31":11,"32":11,"33":11,"34":11,"35":2,"36":2,"37":3},"f":{"0":13,"1":13},"b":{"0":[6],"1":[6],"2":[6]}}
,"C:\\Users\\Dell\\Desktop\\Projects\\Headout\\server\\src\\controllers\\user.controllers.ts": {"path":"C:\\Users\\Dell\\Desktop\\Projects\\Headout\\server\\src\\controllers\\user.controllers.ts","statementMap":{"0":{"start":{"line":2,"column":0},"end":{"line":2,"column":44}},"1":{"start":{"line":4,"column":26},"end":{"line":38,"column":2}},"2":{"start":{"line":4,"column":64},"end":{"line":38,"column":2}},"3":{"start":{"line":5,"column":4},"end":{"line":37,"column":5}},"4":{"start":{"line":6,"column":29},"end":{"line":6,"column":37}},"5":{"start":{"line":8,"column":8},"end":{"line":11,"column":9}},"6":{"start":{"line":9,"column":12},"end":{"line":9,"column":68}},"7":{"start":{"line":10,"column":12},"end":{"line":10,"column":18}},"8":{"start":{"line":13,"column":27},"end":{"line":13,"column":59}},"9":{"start":{"line":15,"column":8},"end":{"line":20,"column":9}},"10":{"start":{"line":16,"column":12},"end":{"line":19,"column":15}},"11":{"start":{"line":22,"column":8},"end":{"line":28,"column":11}},"12":{"start":{"line":30,"column":8},"end":{"line":33,"column":11}},"13":{"start":{"line":35,"column":8},"end":{"line":35,"column":53}},"14":{"start":{"line":36,"column":8},"end":{"line":36,"column":65}},"15":{"start":{"line":4,"column":13},"end":{"line":4,"column":26}},"16":{"start":{"line":40,"column":30},"end":{"line":67,"column":null}},"17":{"start":{"line":40,"column":68},"end":{"line":67,"column":null}},"18":{"start":{"line":41,"column":4},"end":{"line":66,"column":5}},"19":{"start":{"line":42,"column":23},"end":{"line":42,"column":41}},"20":{"start":{"line":44,"column":8},"end":{"line":47,"column":9}},"21":{"start":{"line":45,"column":12},"end":{"line":45,"column":65}},"22":{"start":{"line":46,"column":12},"end":{"line":46,"column":18}},"23":{"start":{"line":49,"column":21},"end":{"line":49,"column":48}},"24":{"start":{"line":51,"column":8},"end":{"line":54,"column":9}},"25":{"start":{"line":52,"column":12},"end":{"line":52,"column":62}},"26":{"start":{"line":53,"column":12},"end":{"line":53,"column":18}},"27":{"start":{"line":56,"column":31},"end":{"line":57,"column":35}},"28":{"start":{"line":57,"column":25},"end":{"line":57,"column":34}},"29":{"start":{"line":59,"column":29},"end":{"line":60,"column":36}},"30":{"start":{"line":60,"column":25},"end":{"line":60,"column":35}},"31":{"start":{"line":62,"column":8},"end":{"line":62,"column":101}},"32":{"start":{"line":64,"column":8},"end":{"line":64,"column":52}},"33":{"start":{"line":65,"column":8},"end":{"line":65,"column":66}},"34":{"start":{"line":40,"column":13},"end":{"line":40,"column":30}},"35":{"start":{"line":69,"column":27},"end":{"line":97,"column":null}},"36":{"start":{"line":69,"column":65},"end":{"line":97,"column":null}},"37":{"start":{"line":70,"column":4},"end":{"line":96,"column":5}},"38":{"start":{"line":71,"column":23},"end":{"line":71,"column":36}},"39":{"start":{"line":73,"column":8},"end":{"line":76,"column":9}},"40":{"start":{"line":74,"column":12},"end":{"line":74,"column":65}},"41":{"start":{"line":75,"column":12},"end":{"line":75,"column":18}},"42":{"start":{"line":78,"column":21},"end":{"line":78,"column":48}},"43":{"start":{"line":80,"column":8},"end":{"line":83,"column":9}},"44":{"start":{"line":81,"column":12},"end":{"line":81,"column":62}},"45":{"start":{"line":82,"column":12},"end":{"line":82,"column":18}},"46":{"start":{"line":86,"column":31},"end":{"line":87,"column":35}},"47":{"start":{"line":87,"column":25},"end":{"line":87,"column":34}},"48":{"start":{"line":89,"column":29},"end":{"line":90,"column":36}},"49":{"start":{"line":90,"column":25},"end":{"line":90,"column":35}},"50":{"start":{"line":92,"column":8},"end":{"line":92,"column":101}},"51":{"start":{"line":94,"column":8},"end":{"line":94,"column":52}},"52":{"start":{"line":95,"column":8},"end":{"line":95,"column":66}},"53":{"start":{"line":69,"column":13},"end":{"line":69,"column":27}}},"fnMap":{"0":{"name":"(anonymous_7)","decl":{"start":{"line":4,"column":26},"end":{"line":4,"column":33}},"loc":{"start":{"line":4,"column":64},"end":{"line":38,"column":2}}},"1":{"name":"(anonymous_8)","decl":{"start":{"line":4,"column":64},"end":{"line":4,"column":null}},"loc":{"start":{"line":4,"column":64},"end":{"line":38,"column":1}}},"2":{"name":"(anonymous_9)","decl":{"start":{"line":40,"column":30},"end":{"line":40,"column":37}},"loc":{"start":{"line":40,"column":68},"end":{"line":67,"column":null}}},"3":{"name":"(anonymous_10)","decl":{"start":{"line":40,"column":68},"end":{"line":40,"column":null}},"loc":{"start":{"line":40,"column":68},"end":{"line":67,"column":1}}},"4":{"name":"(anonymous_11)","decl":{"start":{"line":57,"column":20},"end":{"line":57,"column":21}},"loc":{"start":{"line":57,"column":25},"end":{"line":57,"column":34}}},"5":{"name":"(anonymous_12)","decl":{"start":{"line":60,"column":20},"end":{"line":60,"column":21}},"loc":{"start":{"line":60,"column":25},"end":{"line":60,"column":35}}},"6":{"name":"(anonymous_13)","decl":{"start":{"line":69,"column":27},"end":{"line":69,"column":34}},"loc":{"start":{"line":69,"column":65},"end":{"line":97,"column":null}}},"7":{"name":"(anonymous_14)","decl":{"start":{"line":69,"column":65},"end":{"line":69,"column":null}},"loc":{"start":{"line":69,"column":65},"end":{"line":97,"column":1}}},"8":{"name":"(anonymous_15)","decl":{"start":{"line":87,"column":20},"end":{"line":87,"column":21}},"loc":{"start":{"line":87,"column":25},"end":{"line":87,"column":34}}},"9":{"name":"(anonymous_16)","decl":{"start":{"line":90,"column":20},"end":{"line":90,"column":21}},"loc":{"start":{"line":90,"column":25},"end":{"line":90,"column":35}}}},"branchMap":{"0":{"loc":{"start":{"line":8,"column":8},"end":{"line":11,"column":9}},"type":"if","locations":[{"start":{"line":8,"column":8},"end":{"line":11,"column":9}}]},"1":{"loc":{"start":{"line":8,"column":12},"end":{"line":8,"column":79}},"type":"binary-expr","locations":[{"start":{"line":8,"column":12},"end":{"line":8,"column":21}},{"start":{"line":8,"column":25},"end":{"line":8,"column":53}},{"start":{"line":8,"column":57},"end":{"line":8,"column":79}}]},"2":{"loc":{"start":{"line":15,"column":8},"end":{"line":20,"column":9}},"type":"if","locations":[{"start":{"line":15,"column":8},"end":{"line":20,"column":9}}]},"3":{"loc":{"start":{"line":27,"column":22},"end":{"line":27,"column":76}},"type":"cond-expr","locations":[{"start":{"line":27,"column":62},"end":{"line":27,"column":68}},{"start":{"line":27,"column":71},"end":{"line":27,"column":76}}]},"4":{"loc":{"start":{"line":44,"column":8},"end":{"line":47,"column":9}},"type":"if","locations":[{"start":{"line":44,"column":8},"end":{"line":47,"column":9}}]},"5":{"loc":{"start":{"line":51,"column":8},"end":{"line":54,"column":9}},"type":"if","locations":[{"start":{"line":51,"column":8},"end":{"line":54,"column":9}}]},"6":{"loc":{"start":{"line":73,"column":8},"end":{"line":76,"column":9}},"type":"if","locations":[{"start":{"line":73,"column":8},"end":{"line":76,"column":9}}]},"7":{"loc":{"start":{"line":80,"column":8},"end":{"line":83,"column":9}},"type":"if","locations":[{"start":{"line":80,"column":8},"end":{"line":83,"column":9}}]}},"s":{"0":3,"1":3,"2":10,"3":10,"4":10,"5":10,"6":6,"7":6,"8":4,"9":3,"10":1,"11":3,"12":3,"13":1,"14":1,"15":3,"16":3,"17":8,"18":8,"19":8,"20":8,"21":1,"22":1,"23":7,"24":5,"25":2,"26":2,"27":3,"28":6,"29":3,"30":6,"31":3,"32":2,"33":2,"34":3,"35":3,"36":8,"37":8,"38":8,"39":8,"40":1,"41":1,"42":7,"43":5,"44":2,"45":2,"46":3,"47":5,"48":3,"49":5,"50":3,"51":2,"52":2,"53":3},"f":{"0":10,"1":10,"2":8,"3":8,"4":6,"5":6,"6":8,"7":8,"8":5,"9":5},"b":{"0":[6],"1":[10,5,5],"2":[1],"3":[0,3],"4":[1],"5":[2],"6":[1],"7":[2]}}
,"C:\\Users\\Dell\\Desktop\\Projects\\Headout\\server\\src\\interceptors\\response.interceptor.ts": {"path":"C:\\Users\\Dell\\Desktop\\Projects\\Headout\\server\\src\\interceptors\\response.interceptor.ts","statementMap":{"0":{"start":{"line":9,"column":35},"end":{"line":59,"column":1}},"1":{"start":{"line":14,"column":4},"end":{"line":14,"column":31}},"2":{"start":{"line":15,"column":4},"end":{"line":15,"column":32}},"3":{"start":{"line":17,"column":4},"end":{"line":51,"column":6}},"4":{"start":{"line":18,"column":29},"end":{"line":18,"column":55}},"5":{"start":{"line":21,"column":8},"end":{"line":27,"column":11}},"6":{"start":{"line":30,"column":26},"end":{"line":48,"column":10}},"7":{"start":{"line":50,"column":8},"end":{"line":50,"column":36}},"8":{"start":{"line":53,"column":4},"end":{"line":56,"column":6}},"9":{"start":{"line":54,"column":8},"end":{"line":54,"column":31}},"10":{"start":{"line":55,"column":8},"end":{"line":55,"column":19}},"11":{"start":{"line":58,"column":4},"end":{"line":58,"column":11}},"12":{"start":{"line":9,"column":13},"end":{"line":9,"column":35}}},"fnMap":{"0":{"name":"(anonymous_0)","decl":{"start":{"line":9,"column":35},"end":{"line":9,"column":null}},"loc":{"start":{"line":13,"column":4},"end":{"line":59,"column":1}}},"1":{"name":"(anonymous_1)","decl":{"start":{"line":17,"column":23},"end":{"line":17,"column":24}},"loc":{"start":{"line":17,"column":38},"end":{"line":51,"column":5}}},"2":{"name":"(anonymous_2)","decl":{"start":{"line":53,"column":15},"end":{"line":53,"column":16}},"loc":{"start":{"line":53,"column":48},"end":{"line":56,"column":5}}}},"branchMap":{"0":{"loc":{"start":{"line":32,"column":18},"end":{"line":32,"column":57}},"type":"cond-expr","locations":[{"start":{"line":32,"column":41},"end":{"line":32,"column":45}},{"start":{"line":32,"column":48},"end":{"line":32,"column":57}}]},"1":{"loc":{"start":{"line":34,"column":16},"end":{"line":42,"column":31}},"type":"cond-expr","locations":[{"start":{"line":35,"column":21},"end":{"line":40,"column":null}},{"start":{"line":42,"column":22},"end":{"line":42,"column":31}}]},"2":{"loc":{"start":{"line":37,"column":33},"end":{"line":37,"column":56}},"type":"binary-expr","locations":[{"start":{"line":37,"column":33},"end":{"line":37,"column":45}},{"start":{"line":37,"column":49},"end":{"line":37,"column":56}}]},"3":{"loc":{"start":{"line":38,"column":28},"end":{"line":40,"column":26}},"type":"binary-expr","locations":[{"start":{"line":38,"column":28},"end":{"line":38,"column":66}},{"start":{"line":38,"column":70},"end":{"line":40,"column":26}}]}},"s":{"0":1,"1":7,"2":7,"3":7,"4":6,"5":6,"6":6,"7":6,"8":7,"9":6,"10":6,"11":7,"12":1},"f":{"0":7,"1":6,"2":6},"b":{"0":[4,2],"1":[2,4],"2":[2,0],"3":[2,1]}}
,"C:\\Users\\Dell\\Desktop\\Projects\\Headout\\server\\src\\models\\city.model.ts": {"path":"C:\\Users\\Dell\\Desktop\\Projects\\Headout\\server\\src\\models\\city.model.ts","statementMap":{"0":{"start":{"line":1,"column":0},"end":{"line":1,"column":32}},"1":{"start":{"line":3,"column":13},"end":{"line":10,"column":3}},"2":{"start":{"line":12,"column":13},"end":{"line":12,"column":55}}},"fnMap":{},"branchMap":{},"s":{"0":7,"1":7,"2":7},"f":{},"b":{}}
,"C:\\Users\\Dell\\Desktop\\Projects\\Headout\\server\\src\\models\\user.model.ts": {"path":"C:\\Users\\Dell\\Desktop\\Projects\\Headout\\server\\src\\models\\user.model.ts","statementMap":{"0":{"start":{"line":1,"column":0},"end":{"line":1,"column":58}},"1":{"start":{"line":2,"column":0},"end":{"line":2,"column":36}},"2":{"start":{"line":38,"column":23},"end":{"line":46,"column":2}},"3":{"start":{"line":48,"column":19},"end":{"line":60,"column":2}},"4":{"start":{"line":62,"column":0},"end":{"line":84,"column":2}},"5":{"start":{"line":66,"column":26},"end":{"line":67,"column":null}},"6":{"start":{"line":67,"column":8},"end":{"line":67,"column":29}},"7":{"start":{"line":70,"column":4},"end":{"line":81,"column":5}},"8":{"start":{"line":71,"column":8},"end":{"line":74,"column":11}},"9":{"start":{"line":76,"column":25},"end":{"line":76,"column":53}},"10":{"start":{"line":78,"column":8},"end":{"line":80,"column":9}},"11":{"start":{"line":79,"column":12},"end":{"line":79,"column":36}},"12":{"start":{"line":83,"column":4},"end":{"line":83,"column":22}},"13":{"start":{"line":86,"column":0},"end":{"line":88,"column":3}},"14":{"start":{"line":87,"column":4},"end":{"line":87,"column":55}},"15":{"start":{"line":87,"column":37},"end":{"line":87,"column":46}},"16":{"start":{"line":90,"column":0},"end":{"line":95,"column":3}},"17":{"start":{"line":91,"column":4},"end":{"line":94,"column":5}},"18":{"start":{"line":92,"column":8},"end":{"line":92,"column":39}},"19":{"start":{"line":93,"column":8},"end":{"line":93,"column":26}},"20":{"start":{"line":97,"column":0},"end":{"line":106,"column":2}},"21":{"start":{"line":98,"column":4},"end":{"line":105,"column":7}},"22":{"start":{"line":108,"column":13},"end":{"line":108,"column":46}}},"fnMap":{"0":{"name":"(anonymous_7)","decl":{"start":{"line":62,"column":40},"end":{"line":62,"column":null}},"loc":{"start":{"line":64,"column":22},"end":{"line":84,"column":2}}},"1":{"name":"(anonymous_9)","decl":{"start":{"line":66,"column":50},"end":{"line":66,"column":51}},"loc":{"start":{"line":67,"column":8},"end":{"line":67,"column":29}}},"2":{"name":"(anonymous_10)","decl":{"start":{"line":86,"column":41},"end":{"line":86,"column":null}},"loc":{"start":{"line":86,"column":41},"end":{"line":88,"column":1}}},"3":{"name":"(anonymous_11)","decl":{"start":{"line":87,"column":32},"end":{"line":87,"column":33}},"loc":{"start":{"line":87,"column":37},"end":{"line":87,"column":46}}},"4":{"name":"(anonymous_12)","decl":{"start":{"line":90,"column":24},"end":{"line":90,"column":null}},"loc":{"start":{"line":90,"column":24},"end":{"line":95,"column":2}}},"5":{"name":"(anonymous_14)","decl":{"start":{"line":97,"column":35},"end":{"line":97,"column":51}},"loc":{"start":{"line":97,"column":57},"end":{"line":106,"column":2}}}},"branchMap":{"0":{"loc":{"start":{"line":70,"column":4},"end":{"line":81,"column":5}},"type":"if","locations":[{"start":{"line":70,"column":4},"end":{"line":81,"column":5}},{"start":{"line":75,"column":11},"end":{"line":81,"column":5}}]},"1":{"loc":{"start":{"line":78,"column":8},"end":{"line":80,"column":9}},"type":"if","locations":[{"start":{"line":78,"column":8},"end":{"line":80,"column":9}}]},"2":{"loc":{"start":{"line":78,"column":12},"end":{"line":78,"column":42}},"type":"binary-expr","locations":[{"start":{"line":78,"column":12},"end":{"line":78,"column":21}},{"start":{"line":78,"column":25},"end":{"line":78,"column":42}}]},"3":{"loc":{"start":{"line":91,"column":4},"end":{"line":94,"column":5}},"type":"if","locations":[{"start":{"line":91,"column":4},"end":{"line":94,"column":5}}]},"4":{"loc":{"start":{"line":91,"column":8},"end":{"line":91,"column":87}},"type":"binary-expr","locations":[{"start":{"line":91,"column":8},"end":{"line":91,"column":63}},{"start":{"line":91,"column":63},"end":{"line":91,"column":87}}]}},"s":{"0":6,"1":6,"2":6,"3":6,"4":6,"5":8,"6":2,"7":8,"8":6,"9":2,"10":2,"11":1,"12":8,"13":6,"14":61,"15":20,"16":6,"17":60,"18":23,"19":23,"20":6,"21":0,"22":6},"f":{"0":8,"1":2,"2":61,"3":20,"4":60,"5":0},"b":{"0":[6,2],"1":[1],"2":[2,1],"3":[23],"4":[60,49]}}
,"C:\\Users\\Dell\\Desktop\\Projects\\Headout\\server\\src\\routes\\city.routes.ts": {"path":"C:\\Users\\Dell\\Desktop\\Projects\\Headout\\server\\src\\routes\\city.routes.ts","statementMap":{"0":{"start":{"line":1,"column":0},"end":{"line":1,"column":51}},"1":{"start":{"line":2,"column":0},"end":{"line":2,"column":74}},"2":{"start":{"line":4,"column":15},"end":{"line":4,"column":23}},"3":{"start":{"line":6,"column":0},"end":{"line":6,"column":null}},"4":{"start":{"line":7,"column":0},"end":{"line":7,"column":35}},"5":{"start":{"line":10,"column":0},"end":{"line":10,"column":null}}},"fnMap":{},"branchMap":{},"s":{"0":2,"1":2,"2":2,"3":2,"4":2,"5":2},"f":{},"b":{}}
,"C:\\Users\\Dell\\Desktop\\Projects\\Headout\\server\\src\\routes\\share-image.route.ts": {"path":"C:\\Users\\Dell\\Desktop\\Projects\\Headout\\server\\src\\routes\\share-image.route.ts","statementMap":{"0":{"start":{"line":1,"column":0},"end":{"line":1,"column":30}},"1":{"start":{"line":2,"column":0},"end":{"line":2,"column":68}},"2":{"start":{"line":4,"column":15},"end":{"line":4,"column":31}},"3":{"start":{"line":6,"column":0},"end":{"line":6,"column":28}},"4":{"start":{"line":8,"column":0},"end":{"line":8,"column":22}}},"fnMap":{},"branchMap":{},"s":{"0":2,"1":2,"2":2,"3":2,"4":2},"f":{},"b":{}}
,"C:\\Users\\Dell\\Desktop\\Projects\\Headout\\server\\src\\routes\\user.routes.ts": {"path":"C:\\Users\\Dell\\Desktop\\Projects\\Headout\\server\\src\\routes\\user.routes.ts","statementMap":{"0":{"start":{"line":1,"column":0},"end":{"line":1,"column":32}},"1":{"start":{"line":2,"column":0},"end":{"line":2,"column":89}},"2":{"start":{"line":4,"column":15},"end":{"line":4,"column":23}},"3":{"start":{"line":6,"column":0},"end":{"line":6,"column":null}},"4":{"start":{"line":7,"column":0},"end":{"line":7,"column":null}},"5":{"start":{"line":8,"column":0},"end":{"line":8,"column":null}},"6":{"start":{"line":10,"column":0},"end":{"line":10,"column":null}}},"fnMap":{},"branchMap":{},"s":{"0":2,"1":2,"2":2,"3":2,"4":2,"5":2,"6":2},"f":{},"b":{}}
}
