TN:
SF:src\controllers\city.controllers.ts
FN:6,(anonymous_8)
FN:6,(anonymous_9)
FN:23,(anonymous_10)
FN:24,(anonymous_11)
FN:29,(anonymous_12)
FN:53,(anonymous_13)
FN:53,(anonymous_14)
FN:72,(anonymous_15)
FN:72,(anonymous_16)
FNF:9
FNH:9
FNDA:6,(anonymous_8)
FNDA:6,(anonymous_9)
FNDA:2,(anonymous_10)
FNDA:2,(anonymous_11)
FNDA:2,(anonymous_12)
FNDA:1,(anonymous_13)
FNDA:2,(anonymous_14)
FNDA:12,(anonymous_15)
FNDA:12,(anonymous_16)
DA:2,3
DA:3,3
DA:4,3
DA:6,6
DA:7,6
DA:8,6
DA:10,6
DA:11,2
DA:12,2
DA:15,4
DA:17,3
DA:18,1
DA:19,1
DA:22,2
DA:23,2
DA:24,2
DA:26,2
DA:29,2
DA:36,2
DA:37,1
DA:42,1
DA:45,1
DA:47,1
DA:53,2
DA:55,1
DA:63,1
DA:64,1
DA:72,12
DA:73,12
DA:74,12
DA:76,12
DA:77,2
DA:78,2
DA:81,10
DA:82,10
DA:83,9
DA:85,9
DA:86,3
DA:87,3
DA:90,6
DA:92,6
DA:94,6
DA:99,1
DA:100,1
LF:44
LH:44
BRDA:10,0,0,2
BRDA:17,1,0,1
BRDA:36,2,0,1
BRDA:66,3,0,1
BRDA:66,3,1,0
BRDA:76,4,0,2
BRDA:85,5,0,3
BRDA:85,6,0,9
BRDA:85,6,1,7
BRDA:102,7,0,1
BRDA:102,7,1,0
BRF:11
BRH:9
end_of_record
TN:
SF:src\controllers\share-image.controllers.ts
FN:4,(anonymous_7)
FN:4,(anonymous_8)
FNF:2
FNH:2
FNDA:13,(anonymous_7)
FNDA:13,(anonymous_8)
DA:1,3
DA:4,13
DA:5,13
DA:6,13
DA:8,13
DA:9,13
DA:11,13
DA:12,11
DA:14,11
DA:15,11
DA:17,11
DA:18,11
DA:19,11
DA:21,11
DA:22,11
DA:23,11
DA:24,11
DA:26,11
DA:27,11
DA:29,11
DA:30,11
DA:31,11
DA:33,11
DA:34,11
DA:35,11
DA:37,11
DA:38,11
DA:39,11
DA:41,11
DA:42,11
DA:43,11
DA:45,11
DA:47,11
DA:52,11
DA:54,2
DA:55,2
LF:36
LH:36
BRDA:6,0,0,6
BRDA:6,1,0,6
BRDA:6,2,0,6
BRF:3
BRH:3
end_of_record
TN:
SF:src\controllers\user.controllers.ts
FN:4,(anonymous_7)
FN:4,(anonymous_8)
FN:40,(anonymous_9)
FN:40,(anonymous_10)
FN:57,(anonymous_11)
FN:60,(anonymous_12)
FN:69,(anonymous_13)
FN:69,(anonymous_14)
FN:87,(anonymous_15)
FN:90,(anonymous_16)
FNF:10
FNH:10
FNDA:10,(anonymous_7)
FNDA:10,(anonymous_8)
FNDA:8,(anonymous_9)
FNDA:8,(anonymous_10)
FNDA:6,(anonymous_11)
FNDA:6,(anonymous_12)
FNDA:8,(anonymous_13)
FNDA:8,(anonymous_14)
FNDA:5,(anonymous_15)
FNDA:5,(anonymous_16)
DA:2,3
DA:4,10
DA:5,10
DA:6,10
DA:8,10
DA:9,6
DA:10,6
DA:13,4
DA:15,3
DA:16,1
DA:22,3
DA:30,3
DA:35,1
DA:36,1
DA:40,8
DA:41,8
DA:42,8
DA:44,8
DA:45,1
DA:46,1
DA:49,7
DA:51,5
DA:52,2
DA:53,2
DA:56,3
DA:57,6
DA:59,3
DA:60,6
DA:62,3
DA:64,2
DA:65,2
DA:69,8
DA:70,8
DA:71,8
DA:73,8
DA:74,1
DA:75,1
DA:78,7
DA:80,5
DA:81,2
DA:82,2
DA:86,3
DA:87,5
DA:89,3
DA:90,5
DA:92,3
DA:94,2
DA:95,2
LF:48
LH:48
BRDA:8,0,0,6
BRDA:8,1,0,10
BRDA:8,1,1,5
BRDA:8,1,2,5
BRDA:15,2,0,1
BRDA:27,3,0,0
BRDA:27,3,1,3
BRDA:44,4,0,1
BRDA:51,5,0,2
BRDA:73,6,0,1
BRDA:80,7,0,2
BRF:11
BRH:10
end_of_record
TN:
SF:src\interceptors\response.interceptor.ts
FN:9,(anonymous_0)
FN:17,(anonymous_1)
FN:53,(anonymous_2)
FNF:3
FNH:3
FNDA:7,(anonymous_0)
FNDA:6,(anonymous_1)
FNDA:6,(anonymous_2)
DA:9,1
DA:14,7
DA:15,7
DA:17,7
DA:18,6
DA:21,6
DA:30,6
DA:50,6
DA:53,7
DA:54,6
DA:55,6
DA:58,7
LF:12
LH:12
BRDA:32,0,0,4
BRDA:32,0,1,2
BRDA:34,1,0,2
BRDA:34,1,1,4
BRDA:37,2,0,2
BRDA:37,2,1,0
BRDA:38,3,0,2
BRDA:38,3,1,1
BRF:8
BRH:7
end_of_record
TN:
SF:src\models\city.model.ts
FNF:0
FNH:0
DA:1,7
DA:3,7
DA:12,7
LF:3
LH:3
BRF:0
BRH:0
end_of_record
TN:
SF:src\models\user.model.ts
FN:62,(anonymous_7)
FN:66,(anonymous_9)
FN:86,(anonymous_10)
FN:87,(anonymous_11)
FN:90,(anonymous_12)
FN:97,(anonymous_14)
FNF:6
FNH:5
FNDA:8,(anonymous_7)
FNDA:2,(anonymous_9)
FNDA:61,(anonymous_10)
FNDA:20,(anonymous_11)
FNDA:60,(anonymous_12)
FNDA:0,(anonymous_14)
DA:1,6
DA:2,6
DA:38,6
DA:48,6
DA:62,6
DA:66,8
DA:67,2
DA:70,8
DA:71,6
DA:76,2
DA:78,2
DA:79,1
DA:83,8
DA:86,6
DA:87,61
DA:90,6
DA:91,60
DA:92,23
DA:93,23
DA:97,6
DA:98,0
DA:108,6
LF:22
LH:21
BRDA:70,0,0,6
BRDA:70,0,1,2
BRDA:78,1,0,1
BRDA:78,2,0,2
BRDA:78,2,1,1
BRDA:91,3,0,23
BRDA:91,4,0,60
BRDA:91,4,1,49
BRF:8
BRH:8
end_of_record
TN:
SF:src\routes\city.routes.ts
FNF:0
FNH:0
DA:1,2
DA:2,2
DA:4,2
DA:6,2
DA:7,2
DA:10,2
LF:6
LH:6
BRF:0
BRH:0
end_of_record
TN:
SF:src\routes\share-image.route.ts
FNF:0
FNH:0
DA:1,2
DA:2,2
DA:4,2
DA:6,2
DA:8,2
LF:5
LH:5
BRF:0
BRH:0
end_of_record
TN:
SF:src\routes\user.routes.ts
FNF:0
FNH:0
DA:1,2
DA:2,2
DA:4,2
DA:6,2
DA:7,2
DA:8,2
DA:10,2
LF:7
LH:7
BRF:0
BRH:0
end_of_record
